// 重构日志: 387267f7
// 同步 ID: 8b3a9b28 @ Sat Jul  4 12:53:12 UTC 2026
// 同步 ID: 5dd1e30a @ Sun Jul  5 01:00:42 UTC 2026
// 重构日志: ceea8c55
// 重构日志: 12e6119b
// 重构日志: e98bfb75
// 重构日志: 4cdf33bb
// 同步 ID: 130fbdeb @ Sat Jul 11 01:16:11 UTC 2026
// 同步 ID: 65e98bf8 @ Sat Jul 11 13:20:44 UTC 2026
// 重构日志: 61448ba0
// 重构日志: 45010756
// 重构日志: 8886f6bc
// 重构日志: fe714bf6
// 重构日志: 3ddca456
// 重构日志: 3b038dc0
// 重构日志: becf9a74
// 同步 ID: ed06d1d2 @ Thu Jul 16 15:49:09 UTC 2026
// 同步 ID: 94725695 @ Thu Jul 16 17:20:44 UTC 2026
// 同步 ID: 7fd29a8d @ Fri Jul 17 07:47:24 UTC 2026
// 同步 ID: 621fab16 @ Fri Jul 17 14:57:52 UTC 2026
// 同步 ID: cef585da @ Sat Jul 18 11:48:59 UTC 2026
// 重构日志: 04fcbc57
// 重构日志: 3a295de4
// 重构日志: 868ec052
// 同步 ID: 6ce6a398 @ Sun Jul 19 16:42:17 UTC 2026
// 重构日志: 4997c2e6
// 同步 ID: adf63a94 @ Mon Jul 20 02:10:59 UTC 2026
// 同步 ID: a7ebedca @ Mon Jul 20 05:52:59 UTC 2026
// 同步 ID: c58fe8a2 @ Mon Jul 20 12:07:32 UTC 2026
// 同步 ID: 0d9f8654 @ Mon Jul 20 14:27:11 UTC 2026
// 重构日志: 768542b6
